nohup: ignorando entrada
/home/jenifer/.local/lib/python3.10/site-packages/matplotlib/projections/__init__.py:63: UserWarning: Unable to import Axes3D. This may be due to multiple versions of Matplotlib being installed (e.g. as a system package and as a pip package). As a result, the 3D projection is not available.
  warnings.warn("Unable to import Axes3D. This may be due to multiple versions of "
 * Serving Flask app 'server'
 * Debug mode: on
WARNING: This is a development server. Do not use it in a production deployment. Use a production WSGI server instead.
 * Running on all addresses (0.0.0.0)
 * Running on http://127.0.0.1:5000
 * Running on http://192.168.0.31:5000
Press CTRL+C to quit
 * Restarting with stat
/home/jenifer/.local/lib/python3.10/site-packages/matplotlib/projections/__init__.py:63: UserWarning: Unable to import Axes3D. This may be due to multiple versions of Matplotlib being installed (e.g. as a system package and as a pip package). As a result, the 3D projection is not available.
  warnings.warn("Unable to import Axes3D. This may be due to multiple versions of "
 * Debugger is active!
 * Debugger PIN: 104-702-195
127.0.0.1 - - [18/Nov/2025 20:15:12] "POST /api/login HTTP/1.1" 200 -
127.0.0.1 - - [18/Nov/2025 20:15:24] "POST /api/generate_proposal HTTP/1.1" 200 -
127.0.0.1 - - [18/Nov/2025 20:15:48] "POST /api/register_wellbeing HTTP/1.1" 200 -
127.0.0.1 - - [18/Nov/2025 20:18:05] "POST /api/run_report HTTP/1.1" 200 -
 * Detected change in '/home/jenifer/Área de Trabalho/Global_Solution/server.py', reloading
 * Restarting with stat
/home/jenifer/.local/lib/python3.10/site-packages/matplotlib/projections/__init__.py:63: UserWarning: Unable to import Axes3D. This may be due to multiple versions of Matplotlib being installed (e.g. as a system package and as a pip package). As a result, the 3D projection is not available.
  warnings.warn("Unable to import Axes3D. This may be due to multiple versions of "
 * Debugger is active!
 * Debugger PIN: 104-702-195
 * Detected change in '/home/jenifer/Área de Trabalho/Global_Solution/server.py', reloading
 * Restarting with stat
/home/jenifer/.local/lib/python3.10/site-packages/matplotlib/projections/__init__.py:63: UserWarning: Unable to import Axes3D. This may be due to multiple versions of Matplotlib being installed (e.g. as a system package and as a pip package). As a result, the 3D projection is not available.
  warnings.warn("Unable to import Axes3D. This may be due to multiple versions of "
 * Debugger is active!
 * Debugger PIN: 104-702-195
127.0.0.1 - - [18/Nov/2025 20:25:37] "GET /api/deliverables HTTP/1.1" 200 -
127.0.0.1 - - [18/Nov/2025 20:25:45] "POST /api/login HTTP/1.1" 200 -
 * Detected change in '/home/jenifer/Área de Trabalho/Global_Solution/run_pipeline.py', reloading
 * Restarting with stat
/home/jenifer/.local/lib/python3.10/site-packages/matplotlib/projections/__init__.py:63: UserWarning: Unable to import Axes3D. This may be due to multiple versions of Matplotlib being installed (e.g. as a system package and as a pip package). As a result, the 3D projection is not available.
  warnings.warn("Unable to import Axes3D. This may be due to multiple versions of "
 * Debugger is active!
 * Debugger PIN: 104-702-195
 * Detected change in '/home/jenifer/Área de Trabalho/Global_Solution/wellbeing_copilot.py', reloading
 * Restarting with stat
/home/jenifer/.local/lib/python3.10/site-packages/matplotlib/projections/__init__.py:63: UserWarning: Unable to import Axes3D. This may be due to multiple versions of Matplotlib being installed (e.g. as a system package and as a pip package). As a result, the 3D projection is not available.
  warnings.warn("Unable to import Axes3D. This may be due to multiple versions of "
 * Debugger is active!
 * Debugger PIN: 104-702-195
 * Detected change in '/home/jenifer/Área de Trabalho/Global_Solution/server.py', reloading
 * Restarting with stat
/home/jenifer/.local/lib/python3.10/site-packages/matplotlib/projections/__init__.py:63: UserWarning: Unable to import Axes3D. This may be due to multiple versions of Matplotlib being installed (e.g. as a system package and as a pip package). As a result, the 3D projection is not available.
  warnings.warn("Unable to import Axes3D. This may be due to multiple versions of "
 * Debugger is active!
 * Debugger PIN: 104-702-195
 * Detected change in '/home/jenifer/Área de Trabalho/Global_Solution/server.py', reloading
 * Restarting with stat
/home/jenifer/.local/lib/python3.10/site-packages/matplotlib/projections/__init__.py:63: UserWarning: Unable to import Axes3D. This may be due to multiple versions of Matplotlib being installed (e.g. as a system package and as a pip package). As a result, the 3D projection is not available.
  warnings.warn("Unable to import Axes3D. This may be due to multiple versions of "
 * Debugger is active!
 * Debugger PIN: 104-702-195
 * Detected change in '/home/jenifer/Área de Trabalho/Global_Solution/tests/test_server.py', reloading
 * Restarting with stat
/home/jenifer/.local/lib/python3.10/site-packages/matplotlib/projections/__init__.py:63: UserWarning: Unable to import Axes3D. This may be due to multiple versions of Matplotlib being installed (e.g. as a system package and as a pip package). As a result, the 3D projection is not available.
  warnings.warn("Unable to import Axes3D. This may be due to multiple versions of "
 * Debugger is active!
 * Debugger PIN: 104-702-195
 * Detected change in '/home/jenifer/Área de Trabalho/Global_Solution/tests/test_server.py', reloading
 * Restarting with stat
/home/jenifer/.local/lib/python3.10/site-packages/matplotlib/projections/__init__.py:63: UserWarning: Unable to import Axes3D. This may be due to multiple versions of Matplotlib being installed (e.g. as a system package and as a pip package). As a result, the 3D projection is not available.
  warnings.warn("Unable to import Axes3D. This may be due to multiple versions of "
 * Debugger is active!
 * Debugger PIN: 104-702-195
 * Detected change in '/home/jenifer/Área de Trabalho/Global_Solution/server.py', reloading
 * Restarting with stat
 * Debugger is active!
 * Debugger PIN: 104-702-195
 * Detected change in '/home/jenifer/Área de Trabalho/Global_Solution/tests/test_server.py', reloading
 * Restarting with stat
 * Debugger is active!
 * Debugger PIN: 104-702-195
 * Detected change in '/home/jenifer/Área de Trabalho/Global_Solution/wellbeing_copilot.py', reloading
 * Restarting with stat
 * Debugger is active!
 * Debugger PIN: 104-702-195
 * Detected change in '/home/jenifer/Área de Trabalho/Global_Solution/report_py.py', reloading
 * Restarting with stat
 * Debugger is active!
 * Debugger PIN: 104-702-195
 * Detected change in '/home/jenifer/Área de Trabalho/Global_Solution/wellbeing_module.py', reloading
 * Restarting with stat
 * Debugger is active!
 * Debugger PIN: 104-702-195
 * Detected change in '/home/jenifer/Área de Trabalho/Global_Solution/automation_module.py', reloading
 * Restarting with stat
 * Debugger is active!
 * Debugger PIN: 104-702-195
 * Detected change in '/home/jenifer/Área de Trabalho/Global_Solution/seed_fixtures.py', reloading
 * Restarting with stat
 * Debugger is active!
 * Debugger PIN: 104-702-195
 * Detected change in '/home/jenifer/Área de Trabalho/Global_Solution/setup_project.py', reloading
 * Restarting with stat
 * Debugger is active!
 * Debugger PIN: 104-702-195
 * Detected change in '/home/jenifer/Área de Trabalho/Global_Solution/test_run.py', reloading
 * Restarting with stat
 * Debugger is active!
 * Debugger PIN: 104-702-195
 * Detected change in '/home/jenifer/Área de Trabalho/Global_Solution/test_run.py', reloading
 * Restarting with stat
 * Debugger is active!
 * Debugger PIN: 104-702-195
 * Detected change in '/home/jenifer/Área de Trabalho/Global_Solution/automation_module.py', reloading
 * Restarting with stat
 * Debugger is active!
 * Debugger PIN: 104-702-195
 * Detected change in '/home/jenifer/Área de Trabalho/Global_Solution/setup_project.py', reloading
 * Restarting with stat
 * Debugger is active!
 * Debugger PIN: 104-702-195
 * Detected change in '/home/jenifer/Área de Trabalho/Global_Solution/tests/test_server.py', reloading
 * Restarting with stat
 * Debugger is active!
 * Debugger PIN: 104-702-195
 * Detected change in '/home/jenifer/Área de Trabalho/Global_Solution/seed_fixtures.py', reloading
 * Restarting with stat
 * Debugger is active!
 * Debugger PIN: 104-702-195
 * Detected change in '/home/jenifer/Área de Trabalho/Global_Solution/automation_module.py', reloading
 * Restarting with stat
 * Debugger is active!
 * Debugger PIN: 104-702-195
 * Detected change in '/home/jenifer/Área de Trabalho/Global_Solution/report_py.py', reloading
 * Restarting with stat
 * Debugger is active!
 * Debugger PIN: 104-702-195
 * Detected change in '/home/jenifer/Área de Trabalho/Global_Solution/seed_fixtures.py', reloading
 * Restarting with stat
 * Debugger is active!
 * Debugger PIN: 104-702-195
 * Detected change in '/home/jenifer/Área de Trabalho/Global_Solution/seed_fixtures.py', reloading
 * Restarting with stat
 * Debugger is active!
 * Debugger PIN: 104-702-195
 * Detected change in '/home/jenifer/Área de Trabalho/Global_Solution/automation_module.py', reloading
 * Restarting with stat
 * Debugger is active!
 * Debugger PIN: 104-702-195
 * Detected change in '/home/jenifer/Área de Trabalho/Global_Solution/seed_fixtures.py', reloading
 * Restarting with stat
 * Debugger is active!
 * Debugger PIN: 104-702-195
 * Detected change in '/home/jenifer/Área de Trabalho/Global_Solution/report_py.py', reloading
 * Restarting with stat
 * Debugger is active!
 * Debugger PIN: 104-702-195
 * Detected change in '/home/jenifer/Área de Trabalho/Global_Solution/setup_project.py', reloading
 * Restarting with stat
 * Debugger is active!
 * Debugger PIN: 104-702-195
 * Detected change in '/home/jenifer/Área de Trabalho/Global_Solution/setup_project.py', reloading
 * Restarting with stat
 * Debugger is active!
 * Debugger PIN: 104-702-195
 * Detected change in '/home/jenifer/Área de Trabalho/Global_Solution/wellbeing_module.py', reloading
 * Restarting with stat
 * Debugger is active!
 * Debugger PIN: 104-702-195
 * Detected change in '/home/jenifer/Área de Trabalho/Global_Solution/wellbeing_module.py', reloading
 * Restarting with stat
 * Debugger is active!
 * Debugger PIN: 104-702-195
 * Detected change in '/home/jenifer/Área de Trabalho/Global_Solution/wellbeing_module.py', reloading
 * Restarting with stat
 * Debugger is active!
 * Debugger PIN: 104-702-195
 * Detected change in '/home/jenifer/Área de Trabalho/Global_Solution/wellbeing_module.py', reloading
 * Restarting with stat
 * Debugger is active!
 * Debugger PIN: 104-702-195
 * Detected change in '/home/jenifer/Área de Trabalho/Global_Solution/wellbeing_copilot.py', reloading
 * Restarting with stat
 * Debugger is active!
 * Debugger PIN: 104-702-195
 * Detected change in '/home/jenifer/Área de Trabalho/Global_Solution/wellbeing_copilot.py', reloading
 * Restarting with stat
 * Debugger is active!
 * Debugger PIN: 104-702-195
 * Detected change in '/home/jenifer/Área de Trabalho/Global_Solution/automation_module.py', reloading
 * Restarting with stat
 * Debugger is active!
 * Debugger PIN: 104-702-195
 * Detected change in '/home/jenifer/Área de Trabalho/Global_Solution/automation_module.py', reloading
 * Restarting with stat
 * Debugger is active!
 * Debugger PIN: 104-702-195
 * Detected change in '/home/jenifer/Área de Trabalho/Global_Solution/automation_module.py', reloading
 * Restarting with stat
 * Debugger is active!
 * Debugger PIN: 104-702-195
 * Detected change in '/home/jenifer/Área de Trabalho/Global_Solution/automation_module.py', reloading
 * Restarting with stat
 * Debugger is active!
 * Debugger PIN: 104-702-195
 * Detected change in '/home/jenifer/Área de Trabalho/Global_Solution/automation_module.py', reloading
 * Restarting with stat
 * Debugger is active!
 * Debugger PIN: 104-702-195
 * Detected change in '/home/jenifer/Área de Trabalho/Global_Solution/automation_module.py', reloading
 * Restarting with stat
 * Debugger is active!
 * Debugger PIN: 104-702-195
 * Detected change in '/home/jenifer/Área de Trabalho/Global_Solution/seed_fixtures.py', reloading
 * Restarting with stat
 * Debugger is active!
 * Debugger PIN: 104-702-195
 * Detected change in '/home/jenifer/Área de Trabalho/Global_Solution/test_run.py', reloading
 * Restarting with stat
 * Debugger is active!
 * Debugger PIN: 104-702-195
 * Detected change in '/home/jenifer/Área de Trabalho/Global_Solution/wellbeing_copilot.py', reloading
 * Restarting with stat
 * Debugger is active!
 * Debugger PIN: 104-702-195
 * Detected change in '/home/jenifer/Área de Trabalho/Global_Solution/wellbeing_copilot.py', reloading
 * Restarting with stat
 * Debugger is active!
 * Debugger PIN: 104-702-195
 * Detected change in '/home/jenifer/Área de Trabalho/Global_Solution/test_run.py', reloading
 * Restarting with stat
 * Debugger is active!
 * Debugger PIN: 104-702-195
 * Detected change in '/home/jenifer/Área de Trabalho/Global_Solution/test_run.py', reloading
 * Restarting with stat
 * Debugger is active!
 * Debugger PIN: 104-702-195
 * Detected change in '/home/jenifer/Área de Trabalho/Global_Solution/test_run.py', reloading
 * Restarting with stat
 * Debugger is active!
 * Debugger PIN: 104-702-195
 * Detected change in '/home/jenifer/Área de Trabalho/Global_Solution/wellbeing_copilot.py', reloading
 * Restarting with stat
 * Debugger is active!
 * Debugger PIN: 104-702-195
 * Detected change in '/home/jenifer/Área de Trabalho/Global_Solution/wellbeing_copilot.py', reloading
 * Restarting with stat
 * Debugger is active!
 * Debugger PIN: 104-702-195
 * Detected change in '/home/jenifer/Área de Trabalho/Global_Solution/wellbeing_copilot.py', reloading
 * Restarting with stat
 * Debugger is active!
 * Debugger PIN: 104-702-195
 * Detected change in '/home/jenifer/Área de Trabalho/Global_Solution/wellbeing_copilot.py', reloading
 * Restarting with stat
 * Debugger is active!
 * Debugger PIN: 104-702-195
 * Detected change in '/home/jenifer/Área de Trabalho/Global_Solution/wellbeing_copilot.py', reloading
 * Restarting with stat
 * Debugger is active!
 * Debugger PIN: 104-702-195
 * Detected change in '/home/jenifer/Área de Trabalho/Global_Solution/wellbeing_copilot.py', reloading
 * Restarting with stat
 * Debugger is active!
 * Debugger PIN: 104-702-195
 * Detected change in '/home/jenifer/Área de Trabalho/Global_Solution/wellbeing_copilot.py', reloading
 * Restarting with stat
 * Debugger is active!
 * Debugger PIN: 104-702-195
 * Detected change in '/home/jenifer/Área de Trabalho/Global_Solution/wellbeing_copilot.py', reloading
 * Restarting with stat
 * Debugger is active!
 * Debugger PIN: 104-702-195
 * Detected change in '/home/jenifer/Área de Trabalho/Global_Solution/wellbeing_copilot.py', reloading
 * Restarting with stat
 * Debugger is active!
 * Debugger PIN: 104-702-195
 * Detected change in '/home/jenifer/Área de Trabalho/Global_Solution/wellbeing_copilot.py', reloading
 * Restarting with stat
 * Debugger is active!
 * Debugger PIN: 104-702-195
 * Detected change in '/home/jenifer/Área de Trabalho/Global_Solution/wellbeing_copilot.py', reloading
 * Restarting with stat
 * Debugger is active!
 * Debugger PIN: 104-702-195
 * Detected change in '/home/jenifer/Área de Trabalho/Global_Solution/wellbeing_copilot.py', reloading
 * Restarting with stat
 * Debugger is active!
 * Debugger PIN: 104-702-195
 * Detected change in '/home/jenifer/Área de Trabalho/Global_Solution/automation_module.py', reloading
 * Restarting with stat
 * Debugger is active!
 * Debugger PIN: 104-702-195
 * Detected change in '/home/jenifer/Área de Trabalho/Global_Solution/seed_fixtures.py', reloading
 * Restarting with stat
 * Debugger is active!
 * Debugger PIN: 104-702-195
 * Detected change in '/home/jenifer/Área de Trabalho/Global_Solution/setup_project.py', reloading
 * Restarting with stat
 * Debugger is active!
 * Debugger PIN: 104-702-195
 * Detected change in '/home/jenifer/Área de Trabalho/Global_Solution/wellbeing_copilot.py', reloading
 * Restarting with stat
 * Debugger is active!
 * Debugger PIN: 104-702-195
 * Detected change in '/home/jenifer/Área de Trabalho/Global_Solution/wellbeing_module.py', reloading
 * Restarting with stat
 * Debugger is active!
 * Debugger PIN: 104-702-195
 * Detected change in '/home/jenifer/Área de Trabalho/Global_Solution/setup_project.py', reloading
 * Restarting with stat
 * Debugger is active!
 * Debugger PIN: 104-702-195
 * Detected change in '/home/jenifer/Área de Trabalho/Global_Solution/automation_module.py', reloading
 * Restarting with stat
 * Debugger is active!
 * Debugger PIN: 104-702-195
 * Detected change in '/home/jenifer/Área de Trabalho/Global_Solution/automation_module.py', reloading
 * Restarting with stat
 * Debugger is active!
 * Debugger PIN: 104-702-195
 * Detected change in '/home/jenifer/Área de Trabalho/Global_Solution/automation_module.py', reloading
 * Restarting with stat
 * Debugger is active!
 * Debugger PIN: 104-702-195
 * Detected change in '/home/jenifer/Área de Trabalho/Global_Solution/automation_module.py', reloading
 * Restarting with stat
 * Debugger is active!
 * Debugger PIN: 104-702-195
 * Detected change in '/home/jenifer/Área de Trabalho/Global_Solution/seed_fixtures.py', reloading
 * Restarting with stat
 * Debugger is active!
 * Debugger PIN: 104-702-195
 * Detected change in '/home/jenifer/Área de Trabalho/Global_Solution/wellbeing_copilot.py', reloading
 * Restarting with stat
 * Debugger is active!
 * Debugger PIN: 104-702-195
 * Detected change in '/home/jenifer/Área de Trabalho/Global_Solution/seed_fixtures.py', reloading
 * Restarting with stat
 * Debugger is active!
 * Debugger PIN: 104-702-195
 * Detected change in '/home/jenifer/Área de Trabalho/Global_Solution/seed_fixtures.py', reloading
 * Restarting with stat
 * Debugger is active!
 * Debugger PIN: 104-702-195
 * Detected change in '/home/jenifer/Área de Trabalho/Global_Solution/seed_fixtures.py', reloading
 * Restarting with stat
 * Debugger is active!
 * Debugger PIN: 104-702-195
 * Detected change in '/home/jenifer/Área de Trabalho/Global_Solution/seed_fixtures.py', reloading
 * Restarting with stat
 * Debugger is active!
 * Debugger PIN: 104-702-195
 * Detected change in '/home/jenifer/Área de Trabalho/Global_Solution/seed_fixtures.py', reloading
 * Restarting with stat
 * Debugger is active!
 * Debugger PIN: 104-702-195
 * Detected change in '/home/jenifer/Área de Trabalho/Global_Solution/seed_fixtures.py', reloading
 * Restarting with stat
 * Debugger is active!
 * Debugger PIN: 104-702-195
 * Detected change in '/home/jenifer/Área de Trabalho/Global_Solution/seed_fixtures.py', reloading
 * Restarting with stat
 * Debugger is active!
 * Debugger PIN: 104-702-195
 * Detected change in '/home/jenifer/Área de Trabalho/Global_Solution/seed_fixtures.py', reloading
 * Restarting with stat
 * Debugger is active!
 * Debugger PIN: 104-702-195
 * Detected change in '/home/jenifer/Área de Trabalho/Global_Solution/seed_fixtures.py', reloading
 * Restarting with stat
 * Debugger is active!
 * Debugger PIN: 104-702-195
 * Detected change in '/home/jenifer/Área de Trabalho/Global_Solution/seed_fixtures.py', reloading
 * Restarting with stat
 * Debugger is active!
 * Debugger PIN: 104-702-195
 * Detected change in '/home/jenifer/Área de Trabalho/Global_Solution/seed_fixtures.py', reloading
 * Restarting with stat
 * Debugger is active!
 * Debugger PIN: 104-702-195
 * Detected change in '/home/jenifer/Área de Trabalho/Global_Solution/wellbeing_copilot.py', reloading
 * Restarting with stat
 * Debugger is active!
 * Debugger PIN: 104-702-195
 * Detected change in '/home/jenifer/Área de Trabalho/Global_Solution/wellbeing_copilot.py', reloading
 * Restarting with stat
 * Debugger is active!
 * Debugger PIN: 104-702-195
 * Detected change in '/home/jenifer/Área de Trabalho/Global_Solution/wellbeing_copilot.py', reloading
 * Restarting with stat
 * Debugger is active!
 * Debugger PIN: 104-702-195
 * Detected change in '/home/jenifer/Área de Trabalho/Global_Solution/wellbeing_copilot.py', reloading
 * Restarting with stat
 * Debugger is active!
 * Debugger PIN: 104-702-195
 * Detected change in '/home/jenifer/Área de Trabalho/Global_Solution/wellbeing_copilot.py', reloading
 * Restarting with stat
 * Debugger is active!
 * Debugger PIN: 104-702-195
 * Detected change in '/home/jenifer/Área de Trabalho/Global_Solution/wellbeing_copilot.py', reloading
 * Restarting with stat
 * Debugger is active!
 * Debugger PIN: 104-702-195
 * Detected change in '/home/jenifer/Área de Trabalho/Global_Solution/wellbeing_copilot.py', reloading
 * Restarting with stat
 * Debugger is active!
 * Debugger PIN: 104-702-195
 * Detected change in '/home/jenifer/Área de Trabalho/Global_Solution/wellbeing_copilot.py', reloading
 * Restarting with stat
 * Debugger is active!
 * Debugger PIN: 104-702-195
 * Detected change in '/home/jenifer/Área de Trabalho/Global_Solution/wellbeing_copilot.py', reloading
 * Restarting with stat
 * Debugger is active!
 * Debugger PIN: 104-702-195
 * Detected change in '/home/jenifer/Área de Trabalho/Global_Solution/setup_project.py', reloading
 * Restarting with stat
 * Debugger is active!
 * Debugger PIN: 104-702-195
 * Detected change in '/home/jenifer/Área de Trabalho/Global_Solution/server.py', reloading
 * Restarting with stat
  File "/home/jenifer/Área de Trabalho/Global_Solution/server.py", line 96
    if stored_hash and verify_password(senha, stored_hash):
    ^^
SyntaxError: expected 'except' or 'finally' block
